{
  "stats": {
    "suites": 1,
    "tests": 1,
    "passes": 1,
    "pending": 0,
    "failures": 0,
    "start": "2025-05-08T07:05:08.364Z",
    "end": "2025-05-08T07:05:08.519Z",
    "duration": 155,
    "testsRegistered": 1,
    "passPercent": 100,
    "pendingPercent": 0,
    "other": 0,
    "hasOther": false,
    "skipped": 0,
    "hasSkipped": false
  },
  "results": [
    {
      "uuid": "07b24a8a-f77d-4a92-8571-28255e73d0c8",
      "title": "",
      "fullFile": "cypress/e2e/programAttribute.cy.js",
      "file": "cypress/e2e/programAttribute.cy.js",
      "beforeHooks": [],
      "afterHooks": [],
      "tests": [],
      "suites": [
        {
          "uuid": "8ffa6a1a-9b25-4a1d-a9c6-0208a749a122",
          "title": "Program Attribute API",
          "fullFile": "",
          "file": "",
          "beforeHooks": [],
          "afterHooks": [],
          "tests": [
            {
              "title": "should return all attributes",
              "fullTitle": "Program Attribute API should return all attributes",
              "timedOut": null,
              "duration": 100,
              "state": "passed",
              "speed": "fast",
              "pass": true,
              "fail": false,
              "pending": false,
              "context": null,
              "code": "cy.request('/program-attributes').then(res => {\n  expect(res.status).to.eq(200);\n  expect(res.body).to.be.an('array');\n});",
              "err": {},
              "uuid": "ff138327-7a82-4d4b-a306-e8c6de2585e5",
              "parentUUID": "8ffa6a1a-9b25-4a1d-a9c6-0208a749a122",
              "isHook": false,
              "skipped": false
            }
          ],
          "suites": [],
          "passes": [
            "ff138327-7a82-4d4b-a306-e8c6de2585e5"
          ],
          "failures": [],
          "pending": [],
          "skipped": [],
          "duration": 100,
          "root": false,
          "rootEmpty": false,
          "_timeout": 2000
        }
      ],
      "passes": [],
      "failures": [],
      "pending": [],
      "skipped": [],
      "duration": 0,
      "root": true,
      "rootEmpty": true,
      "_timeout": 2000
    }
  ],
  "meta": {
    "mocha": {
      "version": "7.2.0"
    },
    "mochawesome": {
      "options": {
        "quiet": false,
        "reportFilename": "mochawesome",
        "saveHtml": true,
        "saveJson": true,
        "consoleReporter": "spec",
        "useInlineDiffs": false,
        "code": true
      },
      "version": "7.1.3"
    },
    "marge": {
      "options": {
        "reportDir": "cypress/reports",
        "overwrite": false,
        "html": true,
        "json": true
      },
      "version": "6.2.0"
    }
  }
}