{"/Users/irshadvali/Documents/postgre/express-postgres-pg/server.js": {"path":"/Users/irshadvali/Documents/postgre/express-postgres-pg/server.js","statementMap":{"0":{"start":{"line":3,"column":0},"end":{"line":3,"column":16}},"1":{"start":{"line":7,"column":12},"end":{"line":7,"column":21}},"2":{"start":{"line":8,"column":0},"end":{"line":8,"column":24}},"3":{"start":{"line":10,"column":0},"end":{"line":21,"column":3}},"4":{"start":{"line":11,"column":4},"end":{"line":20,"column":71}},"5":{"start":{"line":13,"column":8},"end":{"line":13,"column":43}},"6":{"start":{"line":14,"column":8},"end":{"line":14,"column":32}},"7":{"start":{"line":17,"column":21},"end":{"line":17,"column":45}},"8":{"start":{"line":18,"column":8},"end":{"line":18,"column":78}},"9":{"start":{"line":18,"column":31},"end":{"line":18,"column":76}},"10":{"start":{"line":20,"column":20},"end":{"line":20,"column":69}},"11":{"start":{"line":23,"column":0},"end":{"line":26,"column":3}},"12":{"start":{"line":24,"column":18},"end":{"line":24,"column":40}},"13":{"start":{"line":25,"column":2},"end":{"line":25,"column":20}},"14":{"start":{"line":28,"column":0},"end":{"line":39,"column":3}},"15":{"start":{"line":29,"column":17},"end":{"line":29,"column":27}},"16":{"start":{"line":30,"column":2},"end":{"line":38,"column":3}},"17":{"start":{"line":31,"column":19},"end":{"line":31,"column":44}},"18":{"start":{"line":32,"column":4},"end":{"line":34,"column":5}},"19":{"start":{"line":33,"column":6},"end":{"line":33,"column":65}},"20":{"start":{"line":35,"column":4},"end":{"line":35,"column":21}},"21":{"start":{"line":37,"column":4},"end":{"line":37,"column":62}}},"fnMap":{"0":{"name":"(anonymous_0)","decl":{"start":{"line":12,"column":12},"end":{"line":12,"column":13}},"loc":{"start":{"line":12,"column":18},"end":{"line":15,"column":7}},"line":12},"1":{"name":"(anonymous_1)","decl":{"start":{"line":16,"column":12},"end":{"line":16,"column":13}},"loc":{"start":{"line":16,"column":18},"end":{"line":19,"column":7}},"line":16},"2":{"name":"(anonymous_2)","decl":{"start":{"line":18,"column":25},"end":{"line":18,"column":26}},"loc":{"start":{"line":18,"column":31},"end":{"line":18,"column":76}},"line":18},"3":{"name":"(anonymous_3)","decl":{"start":{"line":20,"column":13},"end":{"line":20,"column":14}},"loc":{"start":{"line":20,"column":20},"end":{"line":20,"column":69}},"line":20},"4":{"name":"(anonymous_4)","decl":{"start":{"line":23,"column":20},"end":{"line":23,"column":21}},"loc":{"start":{"line":23,"column":40},"end":{"line":26,"column":1}},"line":23},"5":{"name":"(anonymous_5)","decl":{"start":{"line":28,"column":24},"end":{"line":28,"column":25}},"loc":{"start":{"line":28,"column":44},"end":{"line":39,"column":1}},"line":28}},"branchMap":{"0":{"loc":{"start":{"line":10,"column":0},"end":{"line":21,"column":3}},"type":"if","locations":[{"start":{"line":10,"column":0},"end":{"line":21,"column":3}},{"start":{},"end":{}}],"line":10},"1":{"loc":{"start":{"line":17,"column":21},"end":{"line":17,"column":45}},"type":"binary-expr","locations":[{"start":{"line":17,"column":21},"end":{"line":17,"column":37}},{"start":{"line":17,"column":41},"end":{"line":17,"column":45}}],"line":17},"2":{"loc":{"start":{"line":32,"column":4},"end":{"line":34,"column":5}},"type":"if","locations":[{"start":{"line":32,"column":4},"end":{"line":34,"column":5}},{"start":{},"end":{}}],"line":32}},"s":{"0":1,"1":1,"2":1,"3":1,"4":0,"5":0,"6":0,"7":0,"8":0,"9":0,"10":0,"11":1,"12":1,"13":1,"14":1,"15":2,"16":2,"17":2,"18":2,"19":1,"20":1,"21":0},"f":{"0":0,"1":0,"2":0,"3":0,"4":1,"5":2},"b":{"0":[0,1],"1":[0,0],"2":[1,1]},"_coverageSchema":"1a1c01bbd47fc00a2c39e90264f33305004495a9","hash":"8873197e00729049599072b3b02dee640929b6d7"}
,"/Users/irshadvali/Documents/postgre/express-postgres-pg/dbconnection/dbconnection.js": {"path":"/Users/irshadvali/Documents/postgre/express-postgres-pg/dbconnection/dbconnection.js","statementMap":{"0":{"start":{"line":2,"column":0},"end":{"line":2,"column":16}},"1":{"start":{"line":6,"column":18},"end":{"line":10,"column":2}}},"fnMap":{},"branchMap":{},"s":{"0":2,"1":2},"f":{},"b":{},"_coverageSchema":"1a1c01bbd47fc00a2c39e90264f33305004495a9","hash":"0ad06eaa49b8745be9998569c6a5d1db9312cd28"}
,"/Users/irshadvali/Documents/postgre/express-postgres-pg/models/client.js": {"path":"/Users/irshadvali/Documents/postgre/express-postgres-pg/models/client.js","statementMap":{"0":{"start":{"line":6,"column":15},"end":{"line":28,"column":2}}},"fnMap":{},"branchMap":{},"s":{"0":1},"f":{},"b":{},"_coverageSchema":"1a1c01bbd47fc00a2c39e90264f33305004495a9","hash":"3057a6ee125ffb6e903693331b8b27b8d5ed0457"}
}
