{"/Users/irshadvali/Documents/postgre/express-postgres-pg/server.js": {"path":"/Users/irshadvali/Documents/postgre/express-postgres-pg/server.js","statementMap":{"0":{"start":{"line":3,"column":0},"end":{"line":3,"column":16}},"1":{"start":{"line":15,"column":12},"end":{"line":15,"column":21}},"2":{"start":{"line":16,"column":0},"end":{"line":16,"column":24}},"3":{"start":{"line":18,"column":0},"end":{"line":29,"column":1}},"4":{"start":{"line":19,"column":2},"end":{"line":28,"column":69}},"5":{"start":{"line":21,"column":6},"end":{"line":21,"column":41}},"6":{"start":{"line":22,"column":6},"end":{"line":22,"column":30}},"7":{"start":{"line":25,"column":19},"end":{"line":25,"column":43}},"8":{"start":{"line":26,"column":6},"end":{"line":26,"column":76}},"9":{"start":{"line":26,"column":29},"end":{"line":26,"column":74}},"10":{"start":{"line":28,"column":18},"end":{"line":28,"column":67}},"11":{"start":{"line":32,"column":0},"end":{"line":35,"column":3}},"12":{"start":{"line":33,"column":18},"end":{"line":33,"column":40}},"13":{"start":{"line":34,"column":2},"end":{"line":34,"column":20}},"14":{"start":{"line":37,"column":0},"end":{"line":41,"column":3}},"15":{"start":{"line":38,"column":17},"end":{"line":38,"column":53}},"16":{"start":{"line":39,"column":2},"end":{"line":39,"column":74}},"17":{"start":{"line":39,"column":15},"end":{"line":39,"column":74}},"18":{"start":{"line":40,"column":2},"end":{"line":40,"column":19}},"19":{"start":{"line":44,"column":0},"end":{"line":47,"column":3}},"20":{"start":{"line":45,"column":16},"end":{"line":45,"column":48}},"21":{"start":{"line":46,"column":2},"end":{"line":46,"column":18}},"22":{"start":{"line":49,"column":0},"end":{"line":53,"column":3}},"23":{"start":{"line":50,"column":15},"end":{"line":50,"column":61}},"24":{"start":{"line":51,"column":2},"end":{"line":51,"column":82}},"25":{"start":{"line":51,"column":13},"end":{"line":51,"column":82}},"26":{"start":{"line":52,"column":2},"end":{"line":52,"column":17}},"27":{"start":{"line":56,"column":0},"end":{"line":59,"column":3}},"28":{"start":{"line":57,"column":16},"end":{"line":57,"column":51}},"29":{"start":{"line":58,"column":2},"end":{"line":58,"column":18}},"30":{"start":{"line":61,"column":0},"end":{"line":65,"column":3}},"31":{"start":{"line":62,"column":15},"end":{"line":62,"column":64}},"32":{"start":{"line":63,"column":2},"end":{"line":63,"column":85}},"33":{"start":{"line":63,"column":13},"end":{"line":63,"column":85}},"34":{"start":{"line":64,"column":2},"end":{"line":64,"column":17}},"35":{"start":{"line":68,"column":0},"end":{"line":71,"column":3}},"36":{"start":{"line":69,"column":16},"end":{"line":69,"column":47}},"37":{"start":{"line":70,"column":2},"end":{"line":70,"column":18}},"38":{"start":{"line":73,"column":0},"end":{"line":77,"column":3}},"39":{"start":{"line":74,"column":15},"end":{"line":74,"column":60}},"40":{"start":{"line":75,"column":2},"end":{"line":75,"column":81}},"41":{"start":{"line":75,"column":13},"end":{"line":75,"column":81}},"42":{"start":{"line":76,"column":2},"end":{"line":76,"column":17}},"43":{"start":{"line":80,"column":0},"end":{"line":83,"column":3}},"44":{"start":{"line":81,"column":16},"end":{"line":81,"column":46}},"45":{"start":{"line":82,"column":2},"end":{"line":82,"column":18}},"46":{"start":{"line":85,"column":0},"end":{"line":89,"column":3}},"47":{"start":{"line":86,"column":15},"end":{"line":86,"column":59}},"48":{"start":{"line":87,"column":2},"end":{"line":87,"column":80}},"49":{"start":{"line":87,"column":13},"end":{"line":87,"column":80}},"50":{"start":{"line":88,"column":2},"end":{"line":88,"column":17}},"51":{"start":{"line":92,"column":0},"end":{"line":95,"column":3}},"52":{"start":{"line":93,"column":16},"end":{"line":93,"column":46}},"53":{"start":{"line":94,"column":2},"end":{"line":94,"column":18}},"54":{"start":{"line":97,"column":0},"end":{"line":101,"column":3}},"55":{"start":{"line":98,"column":15},"end":{"line":98,"column":59}},"56":{"start":{"line":99,"column":2},"end":{"line":99,"column":80}},"57":{"start":{"line":99,"column":13},"end":{"line":99,"column":80}},"58":{"start":{"line":100,"column":2},"end":{"line":100,"column":17}},"59":{"start":{"line":104,"column":0},"end":{"line":107,"column":3}},"60":{"start":{"line":105,"column":16},"end":{"line":105,"column":48}},"61":{"start":{"line":106,"column":2},"end":{"line":106,"column":18}},"62":{"start":{"line":109,"column":0},"end":{"line":113,"column":3}},"63":{"start":{"line":110,"column":15},"end":{"line":110,"column":61}},"64":{"start":{"line":111,"column":2},"end":{"line":111,"column":82}},"65":{"start":{"line":111,"column":13},"end":{"line":111,"column":82}},"66":{"start":{"line":112,"column":2},"end":{"line":112,"column":17}},"67":{"start":{"line":116,"column":0},"end":{"line":119,"column":3}},"68":{"start":{"line":117,"column":16},"end":{"line":117,"column":43}},"69":{"start":{"line":118,"column":2},"end":{"line":118,"column":18}},"70":{"start":{"line":121,"column":0},"end":{"line":125,"column":3}},"71":{"start":{"line":122,"column":15},"end":{"line":122,"column":56}},"72":{"start":{"line":123,"column":2},"end":{"line":123,"column":77}},"73":{"start":{"line":123,"column":13},"end":{"line":123,"column":77}},"74":{"start":{"line":124,"column":2},"end":{"line":124,"column":17}}},"fnMap":{"0":{"name":"(anonymous_0)","decl":{"start":{"line":20,"column":10},"end":{"line":20,"column":11}},"loc":{"start":{"line":20,"column":16},"end":{"line":23,"column":5}},"line":20},"1":{"name":"(anonymous_1)","decl":{"start":{"line":24,"column":10},"end":{"line":24,"column":11}},"loc":{"start":{"line":24,"column":16},"end":{"line":27,"column":5}},"line":24},"2":{"name":"(anonymous_2)","decl":{"start":{"line":26,"column":23},"end":{"line":26,"column":24}},"loc":{"start":{"line":26,"column":29},"end":{"line":26,"column":74}},"line":26},"3":{"name":"(anonymous_3)","decl":{"start":{"line":28,"column":11},"end":{"line":28,"column":12}},"loc":{"start":{"line":28,"column":18},"end":{"line":28,"column":67}},"line":28},"4":{"name":"(anonymous_4)","decl":{"start":{"line":32,"column":24},"end":{"line":32,"column":25}},"loc":{"start":{"line":32,"column":44},"end":{"line":35,"column":1}},"line":32},"5":{"name":"(anonymous_5)","decl":{"start":{"line":37,"column":28},"end":{"line":37,"column":29}},"loc":{"start":{"line":37,"column":48},"end":{"line":41,"column":1}},"line":37},"6":{"name":"(anonymous_6)","decl":{"start":{"line":44,"column":35},"end":{"line":44,"column":36}},"loc":{"start":{"line":44,"column":55},"end":{"line":47,"column":1}},"line":44},"7":{"name":"(anonymous_7)","decl":{"start":{"line":49,"column":39},"end":{"line":49,"column":40}},"loc":{"start":{"line":49,"column":59},"end":{"line":53,"column":1}},"line":49},"8":{"name":"(anonymous_8)","decl":{"start":{"line":56,"column":39},"end":{"line":56,"column":40}},"loc":{"start":{"line":56,"column":59},"end":{"line":59,"column":1}},"line":56},"9":{"name":"(anonymous_9)","decl":{"start":{"line":61,"column":43},"end":{"line":61,"column":44}},"loc":{"start":{"line":61,"column":63},"end":{"line":65,"column":1}},"line":61},"10":{"name":"(anonymous_10)","decl":{"start":{"line":68,"column":34},"end":{"line":68,"column":35}},"loc":{"start":{"line":68,"column":54},"end":{"line":71,"column":1}},"line":68},"11":{"name":"(anonymous_11)","decl":{"start":{"line":73,"column":38},"end":{"line":73,"column":39}},"loc":{"start":{"line":73,"column":58},"end":{"line":77,"column":1}},"line":73},"12":{"name":"(anonymous_12)","decl":{"start":{"line":80,"column":33},"end":{"line":80,"column":34}},"loc":{"start":{"line":80,"column":53},"end":{"line":83,"column":1}},"line":80},"13":{"name":"(anonymous_13)","decl":{"start":{"line":85,"column":37},"end":{"line":85,"column":38}},"loc":{"start":{"line":85,"column":57},"end":{"line":89,"column":1}},"line":85},"14":{"name":"(anonymous_14)","decl":{"start":{"line":92,"column":33},"end":{"line":92,"column":34}},"loc":{"start":{"line":92,"column":53},"end":{"line":95,"column":1}},"line":92},"15":{"name":"(anonymous_15)","decl":{"start":{"line":97,"column":37},"end":{"line":97,"column":38}},"loc":{"start":{"line":97,"column":57},"end":{"line":101,"column":1}},"line":97},"16":{"name":"(anonymous_16)","decl":{"start":{"line":104,"column":35},"end":{"line":104,"column":36}},"loc":{"start":{"line":104,"column":55},"end":{"line":107,"column":1}},"line":104},"17":{"name":"(anonymous_17)","decl":{"start":{"line":109,"column":39},"end":{"line":109,"column":40}},"loc":{"start":{"line":109,"column":59},"end":{"line":113,"column":1}},"line":109},"18":{"name":"(anonymous_18)","decl":{"start":{"line":116,"column":30},"end":{"line":116,"column":31}},"loc":{"start":{"line":116,"column":50},"end":{"line":119,"column":1}},"line":116},"19":{"name":"(anonymous_19)","decl":{"start":{"line":121,"column":34},"end":{"line":121,"column":35}},"loc":{"start":{"line":121,"column":54},"end":{"line":125,"column":1}},"line":121}},"branchMap":{"0":{"loc":{"start":{"line":18,"column":0},"end":{"line":29,"column":1}},"type":"if","locations":[{"start":{"line":18,"column":0},"end":{"line":29,"column":1}},{"start":{},"end":{}}],"line":18},"1":{"loc":{"start":{"line":25,"column":19},"end":{"line":25,"column":43}},"type":"binary-expr","locations":[{"start":{"line":25,"column":19},"end":{"line":25,"column":35}},{"start":{"line":25,"column":39},"end":{"line":25,"column":43}}],"line":25},"2":{"loc":{"start":{"line":39,"column":2},"end":{"line":39,"column":74}},"type":"if","locations":[{"start":{"line":39,"column":2},"end":{"line":39,"column":74}},{"start":{},"end":{}}],"line":39},"3":{"loc":{"start":{"line":51,"column":2},"end":{"line":51,"column":82}},"type":"if","locations":[{"start":{"line":51,"column":2},"end":{"line":51,"column":82}},{"start":{},"end":{}}],"line":51},"4":{"loc":{"start":{"line":63,"column":2},"end":{"line":63,"column":85}},"type":"if","locations":[{"start":{"line":63,"column":2},"end":{"line":63,"column":85}},{"start":{},"end":{}}],"line":63},"5":{"loc":{"start":{"line":75,"column":2},"end":{"line":75,"column":81}},"type":"if","locations":[{"start":{"line":75,"column":2},"end":{"line":75,"column":81}},{"start":{},"end":{}}],"line":75},"6":{"loc":{"start":{"line":87,"column":2},"end":{"line":87,"column":80}},"type":"if","locations":[{"start":{"line":87,"column":2},"end":{"line":87,"column":80}},{"start":{},"end":{}}],"line":87},"7":{"loc":{"start":{"line":99,"column":2},"end":{"line":99,"column":80}},"type":"if","locations":[{"start":{"line":99,"column":2},"end":{"line":99,"column":80}},{"start":{},"end":{}}],"line":99},"8":{"loc":{"start":{"line":111,"column":2},"end":{"line":111,"column":82}},"type":"if","locations":[{"start":{"line":111,"column":2},"end":{"line":111,"column":82}},{"start":{},"end":{}}],"line":111},"9":{"loc":{"start":{"line":123,"column":2},"end":{"line":123,"column":77}},"type":"if","locations":[{"start":{"line":123,"column":2},"end":{"line":123,"column":77}},{"start":{},"end":{}}],"line":123}},"s":{"0":1,"1":1,"2":1,"3":1,"4":0,"5":0,"6":0,"7":0,"8":0,"9":0,"10":0,"11":1,"12":1,"13":1,"14":1,"15":2,"16":2,"17":1,"18":1,"19":1,"20":1,"21":1,"22":1,"23":2,"24":2,"25":1,"26":1,"27":1,"28":1,"29":1,"30":1,"31":2,"32":2,"33":1,"34":1,"35":1,"36":1,"37":1,"38":1,"39":2,"40":2,"41":1,"42":1,"43":1,"44":1,"45":1,"46":1,"47":2,"48":2,"49":1,"50":1,"51":1,"52":1,"53":1,"54":1,"55":2,"56":2,"57":1,"58":1,"59":1,"60":1,"61":1,"62":1,"63":2,"64":2,"65":1,"66":1,"67":1,"68":1,"69":1,"70":1,"71":2,"72":2,"73":1,"74":1},"f":{"0":0,"1":0,"2":0,"3":0,"4":1,"5":2,"6":1,"7":2,"8":1,"9":2,"10":1,"11":2,"12":1,"13":2,"14":1,"15":2,"16":1,"17":2,"18":1,"19":2},"b":{"0":[0,1],"1":[0,0],"2":[1,1],"3":[1,1],"4":[1,1],"5":[1,1],"6":[1,1],"7":[1,1],"8":[1,1],"9":[1,1]},"_coverageSchema":"1a1c01bbd47fc00a2c39e90264f33305004495a9","hash":"8639b210bc4d3ec5e850980755f9c898b00abca1"}
,"/Users/irshadvali/Documents/postgre/express-postgres-pg/dbconnection/dbconnection.js": {"path":"/Users/irshadvali/Documents/postgre/express-postgres-pg/dbconnection/dbconnection.js","statementMap":{"0":{"start":{"line":2,"column":0},"end":{"line":2,"column":16}},"1":{"start":{"line":6,"column":18},"end":{"line":10,"column":2}}},"fnMap":{},"branchMap":{},"s":{"0":9,"1":9},"f":{},"b":{},"_coverageSchema":"1a1c01bbd47fc00a2c39e90264f33305004495a9","hash":"0ad06eaa49b8745be9998569c6a5d1db9312cd28"}
,"/Users/irshadvali/Documents/postgre/express-postgres-pg/models/client.js": {"path":"/Users/irshadvali/Documents/postgre/express-postgres-pg/models/client.js","statementMap":{"0":{"start":{"line":6,"column":15},"end":{"line":28,"column":2}}},"fnMap":{},"branchMap":{},"s":{"0":1},"f":{},"b":{},"_coverageSchema":"1a1c01bbd47fc00a2c39e90264f33305004495a9","hash":"3057a6ee125ffb6e903693331b8b27b8d5ed0457"}
,"/Users/irshadvali/Documents/postgre/express-postgres-pg/models/programAttribute.js": {"path":"/Users/irshadvali/Documents/postgre/express-postgres-pg/models/programAttribute.js","statementMap":{"0":{"start":{"line":5,"column":25},"end":{"line":18,"column":2}}},"fnMap":{},"branchMap":{},"s":{"0":1},"f":{},"b":{},"_coverageSchema":"1a1c01bbd47fc00a2c39e90264f33305004495a9","hash":"ae25f87ee1b537089f5780eadaa04fa0b12cdae9"}
,"/Users/irshadvali/Documents/postgre/express-postgres-pg/models/programChannel.js": {"path":"/Users/irshadvali/Documents/postgre/express-postgres-pg/models/programChannel.js","statementMap":{"0":{"start":{"line":6,"column":23},"end":{"line":20,"column":2}}},"fnMap":{},"branchMap":{},"s":{"0":1},"f":{},"b":{},"_coverageSchema":"1a1c01bbd47fc00a2c39e90264f33305004495a9","hash":"c36380fc76cad13d73591eae9b9f4abd6b1e48da"}
,"/Users/irshadvali/Documents/postgre/express-postgres-pg/models/programLanguage.js": {"path":"/Users/irshadvali/Documents/postgre/express-postgres-pg/models/programLanguage.js","statementMap":{"0":{"start":{"line":5,"column":24},"end":{"line":22,"column":2}}},"fnMap":{},"branchMap":{},"s":{"0":1},"f":{},"b":{},"_coverageSchema":"1a1c01bbd47fc00a2c39e90264f33305004495a9","hash":"2844bd23d02b04d5af5c20f50f4c1f844e88e9b9"}
,"/Users/irshadvali/Documents/postgre/express-postgres-pg/models/programMeasure.js": {"path":"/Users/irshadvali/Documents/postgre/express-postgres-pg/models/programMeasure.js","statementMap":{"0":{"start":{"line":4,"column":23},"end":{"line":18,"column":2}}},"fnMap":{},"branchMap":{},"s":{"0":1},"f":{},"b":{},"_coverageSchema":"1a1c01bbd47fc00a2c39e90264f33305004495a9","hash":"05a45913f76a466626c0e7ab3c77566965790bc4"}
,"/Users/irshadvali/Documents/postgre/express-postgres-pg/models/programScheduleType.js": {"path":"/Users/irshadvali/Documents/postgre/express-postgres-pg/models/programScheduleType.js","statementMap":{"0":{"start":{"line":4,"column":28},"end":{"line":21,"column":2}}},"fnMap":{},"branchMap":{},"s":{"0":1},"f":{},"b":{},"_coverageSchema":"1a1c01bbd47fc00a2c39e90264f33305004495a9","hash":"d7a40a7831c1d29cd29a03308663146a041b6b9f"}
,"/Users/irshadvali/Documents/postgre/express-postgres-pg/models/programTimeframe.js": {"path":"/Users/irshadvali/Documents/postgre/express-postgres-pg/models/programTimeframe.js","statementMap":{"0":{"start":{"line":3,"column":25},"end":{"line":16,"column":2}}},"fnMap":{},"branchMap":{},"s":{"0":1},"f":{},"b":{},"_coverageSchema":"1a1c01bbd47fc00a2c39e90264f33305004495a9","hash":"0c1d94a34fd0512b2db504ed85ac43f641af9297"}
,"/Users/irshadvali/Documents/postgre/express-postgres-pg/models/programWeek.js": {"path":"/Users/irshadvali/Documents/postgre/express-postgres-pg/models/programWeek.js","statementMap":{"0":{"start":{"line":3,"column":20},"end":{"line":16,"column":2}}},"fnMap":{},"branchMap":{},"s":{"0":1},"f":{},"b":{},"_coverageSchema":"1a1c01bbd47fc00a2c39e90264f33305004495a9","hash":"3528072be7fe33c2772ccd3a421fcd8f677904fd"}
}
