TN:
SF:server.js
FN:20,(anonymous_0)
FN:24,(anonymous_1)
FN:26,(anonymous_2)
FN:28,(anonymous_3)
FN:32,(anonymous_4)
FN:37,(anonymous_5)
FN:44,(anonymous_6)
FN:49,(anonymous_7)
FN:56,(anonymous_8)
FN:61,(anonymous_9)
FN:68,(anonymous_10)
FN:73,(anonymous_11)
FN:80,(anonymous_12)
FN:85,(anonymous_13)
FN:92,(anonymous_14)
FN:97,(anonymous_15)
FN:104,(anonymous_16)
FN:109,(anonymous_17)
FN:116,(anonymous_18)
FN:121,(anonymous_19)
FNF:20
FNH:16
FNDA:0,(anonymous_0)
FNDA:0,(anonymous_1)
FNDA:0,(anonymous_2)
FNDA:0,(anonymous_3)
FNDA:1,(anonymous_4)
FNDA:2,(anonymous_5)
FNDA:1,(anonymous_6)
FNDA:2,(anonymous_7)
FNDA:1,(anonymous_8)
FNDA:2,(anonymous_9)
FNDA:1,(anonymous_10)
FNDA:2,(anonymous_11)
FNDA:1,(anonymous_12)
FNDA:2,(anonymous_13)
FNDA:1,(anonymous_14)
FNDA:2,(anonymous_15)
FNDA:1,(anonymous_16)
FNDA:2,(anonymous_17)
FNDA:1,(anonymous_18)
FNDA:2,(anonymous_19)
DA:3,1
DA:15,1
DA:16,1
DA:18,1
DA:19,0
DA:21,0
DA:22,0
DA:25,0
DA:26,0
DA:28,0
DA:32,1
DA:33,1
DA:34,1
DA:37,1
DA:38,2
DA:39,2
DA:40,1
DA:44,1
DA:45,1
DA:46,1
DA:49,1
DA:50,2
DA:51,2
DA:52,1
DA:56,1
DA:57,1
DA:58,1
DA:61,1
DA:62,2
DA:63,2
DA:64,1
DA:68,1
DA:69,1
DA:70,1
DA:73,1
DA:74,2
DA:75,2
DA:76,1
DA:80,1
DA:81,1
DA:82,1
DA:85,1
DA:86,2
DA:87,2
DA:88,1
DA:92,1
DA:93,1
DA:94,1
DA:97,1
DA:98,2
DA:99,2
DA:100,1
DA:104,1
DA:105,1
DA:106,1
DA:109,1
DA:110,2
DA:111,2
DA:112,1
DA:116,1
DA:117,1
DA:118,1
DA:121,1
DA:122,2
DA:123,2
DA:124,1
LF:66
LH:60
BRDA:18,0,0,0
BRDA:18,0,1,1
BRDA:25,1,0,0
BRDA:25,1,1,0
BRDA:39,2,0,1
BRDA:39,2,1,1
BRDA:51,3,0,1
BRDA:51,3,1,1
BRDA:63,4,0,1
BRDA:63,4,1,1
BRDA:75,5,0,1
BRDA:75,5,1,1
BRDA:87,6,0,1
BRDA:87,6,1,1
BRDA:99,7,0,1
BRDA:99,7,1,1
BRDA:111,8,0,1
BRDA:111,8,1,1
BRDA:123,9,0,1
BRDA:123,9,1,1
BRF:20
BRH:17
end_of_record
TN:
SF:dbconnection/dbconnection.js
FNF:0
FNH:0
DA:2,9
DA:6,9
LF:2
LH:2
BRF:0
BRH:0
end_of_record
TN:
SF:models/client.js
FNF:0
FNH:0
DA:6,1
LF:1
LH:1
BRF:0
BRH:0
end_of_record
TN:
SF:models/programAttribute.js
FNF:0
FNH:0
DA:5,1
LF:1
LH:1
BRF:0
BRH:0
end_of_record
TN:
SF:models/programChannel.js
FNF:0
FNH:0
DA:6,1
LF:1
LH:1
BRF:0
BRH:0
end_of_record
TN:
SF:models/programLanguage.js
FNF:0
FNH:0
DA:5,1
LF:1
LH:1
BRF:0
BRH:0
end_of_record
TN:
SF:models/programMeasure.js
FNF:0
FNH:0
DA:4,1
LF:1
LH:1
BRF:0
BRH:0
end_of_record
TN:
SF:models/programScheduleType.js
FNF:0
FNH:0
DA:4,1
LF:1
LH:1
BRF:0
BRH:0
end_of_record
TN:
SF:models/programTimeframe.js
FNF:0
FNH:0
DA:3,1
LF:1
LH:1
BRF:0
BRH:0
end_of_record
TN:
SF:models/programWeek.js
FNF:0
FNH:0
DA:3,1
LF:1
LH:1
BRF:0
BRH:0
end_of_record
